  Animation2D.cpp
C:\Users\Usuario\Desktop\Pablo_Fernandez_AA3_ARKANOID_Recuperacion\Pablo_Fernandez_AA3_ARKANOID\source\Animation2D.cpp(22,39): warning C4244: '+=': conversión de 'double' a 'float'; posible pérdida de datos
  AudioManager.cpp
  Ball.cpp
C:\Users\Usuario\Desktop\Pablo_Fernandez_AA3_ARKANOID_Recuperacion\Pablo_Fernandez_AA3_ARKANOID\source\Ball.cpp(14,35): warning C4244: '=': conversión de 'int' a 'T'; posible pérdida de datos
          with
          [
              T=float
          ]
C:\Users\Usuario\Desktop\Pablo_Fernandez_AA3_ARKANOID_Recuperacion\Pablo_Fernandez_AA3_ARKANOID\source\Ball.cpp(15,35): warning C4244: '=': conversión de 'int' a 'T'; posible pérdida de datos
          with
          [
              T=float
          ]
C:\Users\Usuario\Desktop\Pablo_Fernandez_AA3_ARKANOID_Recuperacion\Pablo_Fernandez_AA3_ARKANOID\source\Ball.cpp(19,45): warning C4244: 'argumento': conversión de 'int' a 'float'; posible pérdida de datos
C:\Users\Usuario\Desktop\Pablo_Fernandez_AA3_ARKANOID_Recuperacion\Pablo_Fernandez_AA3_ARKANOID\source\Ball.cpp(19,25): warning C4244: 'argumento': conversión de 'int' a 'float'; posible pérdida de datos
C:\Users\Usuario\Desktop\Pablo_Fernandez_AA3_ARKANOID_Recuperacion\Pablo_Fernandez_AA3_ARKANOID\source\Ball.cpp(29,86): warning C4244: 'argumento': conversión de 'double' a 'T'; posible pérdida de datos
          with
          [
              T=float
          ]
C:\Users\Usuario\Desktop\Pablo_Fernandez_AA3_ARKANOID_Recuperacion\Pablo_Fernandez_AA3_ARKANOID\source\Ball.cpp(29,51): warning C4244: 'argumento': conversión de 'double' a 'T'; posible pérdida de datos
          with
          [
              T=float
          ]
C:\Users\Usuario\Desktop\Pablo_Fernandez_AA3_ARKANOID_Recuperacion\Pablo_Fernandez_AA3_ARKANOID\source\Ball.cpp(38,31): warning C4244: '=': conversión de 'T' a 'int'; posible pérdida de datos
          with
          [
              T=float
          ]
C:\Users\Usuario\Desktop\Pablo_Fernandez_AA3_ARKANOID_Recuperacion\Pablo_Fernandez_AA3_ARKANOID\source\Ball.cpp(39,31): warning C4244: '=': conversión de 'T' a 'int'; posible pérdida de datos
          with
          [
              T=float
          ]
C:\Users\Usuario\Desktop\Pablo_Fernandez_AA3_ARKANOID_Recuperacion\Pablo_Fernandez_AA3_ARKANOID\source\Ball.cpp(40,27): warning C4244: '=': conversión de 'T' a 'int'; posible pérdida de datos
          with
          [
              T=float
          ]
C:\Users\Usuario\Desktop\Pablo_Fernandez_AA3_ARKANOID_Recuperacion\Pablo_Fernandez_AA3_ARKANOID\source\Ball.cpp(41,27): warning C4244: '=': conversión de 'T' a 'int'; posible pérdida de datos
          with
          [
              T=float
          ]
  Brick.cpp
C:\Users\Usuario\Desktop\Pablo_Fernandez_AA3_ARKANOID_Recuperacion\Pablo_Fernandez_AA3_ARKANOID\source\Brick\Brick.cpp(8,45): warning C4244: 'argumento': conversión de 'T' a 'float'; posible pérdida de datos
          with
          [
              T=int
          ]
C:\Users\Usuario\Desktop\Pablo_Fernandez_AA3_ARKANOID_Recuperacion\Pablo_Fernandez_AA3_ARKANOID\source\Brick\Brick.cpp(8,33): warning C4244: 'argumento': conversión de 'T' a 'float'; posible pérdida de datos
          with
          [
              T=int
          ]
C:\Users\Usuario\Desktop\Pablo_Fernandez_AA3_ARKANOID_Recuperacion\Pablo_Fernandez_AA3_ARKANOID\source\Brick\Brick.cpp(9,38): warning C4244: 'argumento': conversión de 'int' a 'float'; posible pérdida de datos
C:\Users\Usuario\Desktop\Pablo_Fernandez_AA3_ARKANOID_Recuperacion\Pablo_Fernandez_AA3_ARKANOID\source\Brick\Brick.cpp(49,38): warning C4244: '+=': conversión de 'double' a 'float'; posible pérdida de datos
  Button.cpp
  Controller.cpp
  EventKey.cpp
  ExtraLenght.cpp
C:\Users\Usuario\Desktop\Pablo_Fernandez_AA3_ARKANOID_Recuperacion\Pablo_Fernandez_AA3_ARKANOID\source\ExtraLenght.cpp(10,10): warning C4244: 'inicializando': conversión de 'int' a 'float'; posible pérdida de datos
C:\Users\Usuario\Desktop\Pablo_Fernandez_AA3_ARKANOID_Recuperacion\Pablo_Fernandez_AA3_ARKANOID\source\ExtraLenght.cpp(12,41): warning C4244: 'argumento': conversión de 'int' a 'float'; posible pérdida de datos
  Game.cpp
  GameScene.cpp
C:\Users\Usuario\Desktop\Pablo_Fernandez_AA3_ARKANOID_Recuperacion\Pablo_Fernandez_AA3_ARKANOID\source\GameScene.cpp(51,31): warning C4244: 'argumento': conversión de 'double' a 'float'; posible pérdida de datos
C:\Users\Usuario\Desktop\Pablo_Fernandez_AA3_ARKANOID_Recuperacion\Pablo_Fernandez_AA3_ARKANOID\source\GameScene.cpp(52,27): warning C4018: '<': no coinciden signed/unsigned
C:\Users\Usuario\Desktop\Pablo_Fernandez_AA3_ARKANOID_Recuperacion\Pablo_Fernandez_AA3_ARKANOID\source\GameScene.cpp(55,31): warning C4018: '<': no coinciden signed/unsigned
C:\Users\Usuario\Desktop\Pablo_Fernandez_AA3_ARKANOID_Recuperacion\Pablo_Fernandez_AA3_ARKANOID\source\GameScene.cpp(61,27): warning C4018: '<': no coinciden signed/unsigned
C:\Users\Usuario\Desktop\Pablo_Fernandez_AA3_ARKANOID_Recuperacion\Pablo_Fernandez_AA3_ARKANOID\source\GameScene.cpp(65,27): warning C4018: '<': no coinciden signed/unsigned
C:\Users\Usuario\Desktop\Pablo_Fernandez_AA3_ARKANOID_Recuperacion\Pablo_Fernandez_AA3_ARKANOID\source\GameScene.cpp(105,39): warning C4244: '=': conversión de 'int' a 'T'; posible pérdida de datos
          with
          [
              T=float
          ]
C:\Users\Usuario\Desktop\Pablo_Fernandez_AA3_ARKANOID_Recuperacion\Pablo_Fernandez_AA3_ARKANOID\source\GameScene.cpp(106,39): warning C4244: '=': conversión de 'int' a 'T'; posible pérdida de datos
          with
          [
              T=float
          ]
C:\Users\Usuario\Desktop\Pablo_Fernandez_AA3_ARKANOID_Recuperacion\Pablo_Fernandez_AA3_ARKANOID\source\GameScene.cpp(111,39): warning C4244: '=': conversión de 'int' a 'T'; posible pérdida de datos
          with
          [
              T=float
          ]
C:\Users\Usuario\Desktop\Pablo_Fernandez_AA3_ARKANOID_Recuperacion\Pablo_Fernandez_AA3_ARKANOID\source\GameScene.cpp(112,39): warning C4244: '=': conversión de 'int' a 'T'; posible pérdida de datos
          with
          [
              T=float
          ]
C:\Users\Usuario\Desktop\Pablo_Fernandez_AA3_ARKANOID_Recuperacion\Pablo_Fernandez_AA3_ARKANOID\source\GameScene.cpp(161,27): warning C4018: '<': no coinciden signed/unsigned
C:\Users\Usuario\Desktop\Pablo_Fernandez_AA3_ARKANOID_Recuperacion\Pablo_Fernandez_AA3_ARKANOID\source\GameScene.cpp(192,16): warning C4244: 'inicializando': conversión de 'double' a 'int'; posible pérdida de datos
C:\Users\Usuario\Desktop\Pablo_Fernandez_AA3_ARKANOID_Recuperacion\Pablo_Fernandez_AA3_ARKANOID\source\GameScene.cpp(193,16): warning C4244: 'inicializando': conversión de 'double' a 'int'; posible pérdida de datos
C:\Users\Usuario\Desktop\Pablo_Fernandez_AA3_ARKANOID_Recuperacion\Pablo_Fernandez_AA3_ARKANOID\source\GameScene.cpp(249,21): warning C4244: '=': conversión de 'float' a 'int'; posible pérdida de datos
C:\Users\Usuario\Desktop\Pablo_Fernandez_AA3_ARKANOID_Recuperacion\Pablo_Fernandez_AA3_ARKANOID\source\GameScene.cpp(258,64): warning C4244: '=': conversión de 'float' a 'int'; posible pérdida de datos
C:\Users\Usuario\Desktop\Pablo_Fernandez_AA3_ARKANOID_Recuperacion\Pablo_Fernandez_AA3_ARKANOID\source\GameScene.cpp(266,23): warning C4018: '<': no coinciden signed/unsigned
C:\Users\Usuario\Desktop\Pablo_Fernandez_AA3_ARKANOID_Recuperacion\Pablo_Fernandez_AA3_ARKANOID\source\GameScene.cpp(279,53): warning C4244: '=': conversión de 'float' a 'int'; posible pérdida de datos
C:\Users\Usuario\Desktop\Pablo_Fernandez_AA3_ARKANOID_Recuperacion\Pablo_Fernandez_AA3_ARKANOID\source\GameScene.cpp(280,52): warning C4244: '=': conversión de 'float' a 'int'; posible pérdida de datos
C:\Users\Usuario\Desktop\Pablo_Fernandez_AA3_ARKANOID_Recuperacion\Pablo_Fernandez_AA3_ARKANOID\source\GameScene.cpp(287,53): warning C4244: '=': conversión de 'float' a 'int'; posible pérdida de datos
C:\Users\Usuario\Desktop\Pablo_Fernandez_AA3_ARKANOID_Recuperacion\Pablo_Fernandez_AA3_ARKANOID\source\GameScene.cpp(288,52): warning C4244: '=': conversión de 'float' a 'int'; posible pérdida de datos
C:\Users\Usuario\Desktop\Pablo_Fernandez_AA3_ARKANOID_Recuperacion\Pablo_Fernandez_AA3_ARKANOID\source\GameScene.cpp(296,50): warning C4244: '=': conversión de 'float' a 'int'; posible pérdida de datos
C:\Users\Usuario\Desktop\Pablo_Fernandez_AA3_ARKANOID_Recuperacion\Pablo_Fernandez_AA3_ARKANOID\source\GameScene.cpp(315,22): warning C4244: '=': conversión de 'float' a 'int'; posible pérdida de datos
C:\Users\Usuario\Desktop\Pablo_Fernandez_AA3_ARKANOID_Recuperacion\Pablo_Fernandez_AA3_ARKANOID\source\GameScene.cpp(316,22): warning C4244: '=': conversión de 'float' a 'int'; posible pérdida de datos
C:\Users\Usuario\Desktop\Pablo_Fernandez_AA3_ARKANOID_Recuperacion\Pablo_Fernandez_AA3_ARKANOID\source\GameScene.cpp(317,35): warning C4244: '=': conversión de 'float' a 'int'; posible pérdida de datos
  HelloWorldSDL.cpp
  Image.cpp
  InputManager.cpp
  Keyboard.cpp
  MenuScene.cpp
C:\Users\Usuario\Desktop\Pablo_Fernandez_AA3_ARKANOID_Recuperacion\Pablo_Fernandez_AA3_ARKANOID\source\MenuScene.cpp(13,27): warning C4244: 'argumento': conversión de 'double' a 'float'; posible pérdida de datos
C:\Users\Usuario\Desktop\Pablo_Fernandez_AA3_ARKANOID_Recuperacion\Pablo_Fernandez_AA3_ARKANOID\source\MenuScene.cpp(49,48): warning C4244: '=': conversión de 'double' a 'int'; posible pérdida de datos
C:\Users\Usuario\Desktop\Pablo_Fernandez_AA3_ARKANOID_Recuperacion\Pablo_Fernandez_AA3_ARKANOID\source\MenuScene.cpp(50,47): warning C4244: '=': conversión de 'double' a 'int'; posible pérdida de datos
C:\Users\Usuario\Desktop\Pablo_Fernandez_AA3_ARKANOID_Recuperacion\Pablo_Fernandez_AA3_ARKANOID\source\MenuScene.cpp(57,49): warning C4244: '=': conversión de 'double' a 'int'; posible pérdida de datos
C:\Users\Usuario\Desktop\Pablo_Fernandez_AA3_ARKANOID_Recuperacion\Pablo_Fernandez_AA3_ARKANOID\source\MenuScene.cpp(58,48): warning C4244: '=': conversión de 'double' a 'int'; posible pérdida de datos
C:\Users\Usuario\Desktop\Pablo_Fernandez_AA3_ARKANOID_Recuperacion\Pablo_Fernandez_AA3_ARKANOID\source\MenuScene.cpp(64,49): warning C4244: '=': conversión de 'double' a 'int'; posible pérdida de datos
C:\Users\Usuario\Desktop\Pablo_Fernandez_AA3_ARKANOID_Recuperacion\Pablo_Fernandez_AA3_ARKANOID\source\MenuScene.cpp(65,48): warning C4244: '=': conversión de 'double' a 'int'; posible pérdida de datos
C:\Users\Usuario\Desktop\Pablo_Fernandez_AA3_ARKANOID_Recuperacion\Pablo_Fernandez_AA3_ARKANOID\source\MenuScene.cpp(71,46): warning C4244: '=': conversión de 'double' a 'int'; posible pérdida de datos
C:\Users\Usuario\Desktop\Pablo_Fernandez_AA3_ARKANOID_Recuperacion\Pablo_Fernandez_AA3_ARKANOID\source\MenuScene.cpp(72,45): warning C4244: '=': conversión de 'double' a 'int'; posible pérdida de datos
  MiniLenght.cpp
C:\Users\Usuario\Desktop\Pablo_Fernandez_AA3_ARKANOID_Recuperacion\Pablo_Fernandez_AA3_ARKANOID\source\MiniLenght.cpp(10,10): warning C4244: 'inicializando': conversión de 'int' a 'float'; posible pérdida de datos
C:\Users\Usuario\Desktop\Pablo_Fernandez_AA3_ARKANOID_Recuperacion\Pablo_Fernandez_AA3_ARKANOID\source\MiniLenght.cpp(11,41): warning C4244: 'argumento': conversión de 'int' a 'float'; posible pérdida de datos
  Player.cpp
C:\Users\Usuario\Desktop\Pablo_Fernandez_AA3_ARKANOID_Recuperacion\Pablo_Fernandez_AA3_ARKANOID\source\Player.cpp(14,49): warning C4244: 'argumento': conversión de 'int' a 'float'; posible pérdida de datos
C:\Users\Usuario\Desktop\Pablo_Fernandez_AA3_ARKANOID_Recuperacion\Pablo_Fernandez_AA3_ARKANOID\source\Player.cpp(14,29): warning C4244: 'argumento': conversión de 'int' a 'float'; posible pérdida de datos
C:\Users\Usuario\Desktop\Pablo_Fernandez_AA3_ARKANOID_Recuperacion\Pablo_Fernandez_AA3_ARKANOID\source\Player.cpp(15,45): warning C4244: 'argumento': conversión de 'int' a 'float'; posible pérdida de datos
C:\Users\Usuario\Desktop\Pablo_Fernandez_AA3_ARKANOID_Recuperacion\Pablo_Fernandez_AA3_ARKANOID\source\Player.cpp(15,25): warning C4244: 'argumento': conversión de 'int' a 'float'; posible pérdida de datos
C:\Users\Usuario\Desktop\Pablo_Fernandez_AA3_ARKANOID_Recuperacion\Pablo_Fernandez_AA3_ARKANOID\source\Player.cpp(34,52): warning C4244: 'argumento': conversión de 'double' a 'T'; posible pérdida de datos
          with
          [
              T=float
          ]
C:\Users\Usuario\Desktop\Pablo_Fernandez_AA3_ARKANOID_Recuperacion\Pablo_Fernandez_AA3_ARKANOID\source\Player.cpp(41,31): warning C4244: '=': conversión de 'T' a 'int'; posible pérdida de datos
          with
          [
              T=float
          ]
C:\Users\Usuario\Desktop\Pablo_Fernandez_AA3_ARKANOID_Recuperacion\Pablo_Fernandez_AA3_ARKANOID\source\Player.cpp(42,31): warning C4244: '=': conversión de 'T' a 'int'; posible pérdida de datos
          with
          [
              T=float
          ]
C:\Users\Usuario\Desktop\Pablo_Fernandez_AA3_ARKANOID_Recuperacion\Pablo_Fernandez_AA3_ARKANOID\source\Player.cpp(43,27): warning C4244: '=': conversión de 'T' a 'int'; posible pérdida de datos
          with
          [
              T=float
          ]
C:\Users\Usuario\Desktop\Pablo_Fernandez_AA3_ARKANOID_Recuperacion\Pablo_Fernandez_AA3_ARKANOID\source\Player.cpp(44,27): warning C4244: '=': conversión de 'T' a 'int'; posible pérdida de datos
          with
          [
              T=float
          ]
C:\Users\Usuario\Desktop\Pablo_Fernandez_AA3_ARKANOID_Recuperacion\Pablo_Fernandez_AA3_ARKANOID\source\Player.cpp(55,14): warning C4244: '-=': conversión de 'float' a 'int'; posible pérdida de datos
  PowerUp.cpp
C:\Users\Usuario\Desktop\Pablo_Fernandez_AA3_ARKANOID_Recuperacion\Pablo_Fernandez_AA3_ARKANOID\source\PowerUp.cpp(12,49): warning C4244: 'argumento': conversión de 'int' a 'float'; posible pérdida de datos
C:\Users\Usuario\Desktop\Pablo_Fernandez_AA3_ARKANOID_Recuperacion\Pablo_Fernandez_AA3_ARKANOID\source\PowerUp.cpp(12,29): warning C4244: 'argumento': conversión de 'int' a 'float'; posible pérdida de datos
C:\Users\Usuario\Desktop\Pablo_Fernandez_AA3_ARKANOID_Recuperacion\Pablo_Fernandez_AA3_ARKANOID\source\PowerUp.cpp(13,45): warning C4244: 'argumento': conversión de 'int' a 'float'; posible pérdida de datos
C:\Users\Usuario\Desktop\Pablo_Fernandez_AA3_ARKANOID_Recuperacion\Pablo_Fernandez_AA3_ARKANOID\source\PowerUp.cpp(13,25): warning C4244: 'argumento': conversión de 'int' a 'float'; posible pérdida de datos
C:\Users\Usuario\Desktop\Pablo_Fernandez_AA3_ARKANOID_Recuperacion\Pablo_Fernandez_AA3_ARKANOID\source\PowerUp.cpp(15,14): warning C4244: '=': conversión de 'int' a 'float'; posible pérdida de datos
C:\Users\Usuario\Desktop\Pablo_Fernandez_AA3_ARKANOID_Recuperacion\Pablo_Fernandez_AA3_ARKANOID\source\PowerUp.cpp(21,48): warning C4244: 'argumento': conversión de 'double' a 'T'; posible pérdida de datos
          with
          [
              T=float
          ]
C:\Users\Usuario\Desktop\Pablo_Fernandez_AA3_ARKANOID_Recuperacion\Pablo_Fernandez_AA3_ARKANOID\source\PowerUp.cpp(23,20): warning C4018: '<': no coinciden signed/unsigned
C:\Users\Usuario\Desktop\Pablo_Fernandez_AA3_ARKANOID_Recuperacion\Pablo_Fernandez_AA3_ARKANOID\source\PowerUp.cpp(38,31): warning C4244: '=': conversión de 'T' a 'int'; posible pérdida de datos
          with
          [
              T=float
          ]
C:\Users\Usuario\Desktop\Pablo_Fernandez_AA3_ARKANOID_Recuperacion\Pablo_Fernandez_AA3_ARKANOID\source\PowerUp.cpp(39,31): warning C4244: '=': conversión de 'T' a 'int'; posible pérdida de datos
          with
          [
              T=float
          ]
C:\Users\Usuario\Desktop\Pablo_Fernandez_AA3_ARKANOID_Recuperacion\Pablo_Fernandez_AA3_ARKANOID\source\PowerUp.cpp(40,27): warning C4244: '=': conversión de 'T' a 'int'; posible pérdida de datos
          with
          [
              T=float
          ]
C:\Users\Usuario\Desktop\Pablo_Fernandez_AA3_ARKANOID_Recuperacion\Pablo_Fernandez_AA3_ARKANOID\source\PowerUp.cpp(41,27): warning C4244: '=': conversión de 'T' a 'int'; posible pérdida de datos
          with
          [
              T=float
          ]
  PowerUpFactory.cpp
  RenderManager.cpp
  Generando código...
C:\Users\Usuario\Desktop\Pablo_Fernandez_AA3_ARKANOID_Recuperacion\Pablo_Fernandez_AA3_ARKANOID\source\PowerUpFactory.cpp(23): warning C4715: 'PowerUpFactory::GenRandomPowerUp': no todas las rutas de acceso de control devuelven un valor
  Compilando...
  Renderer.cpp
C:\Users\Usuario\Desktop\Pablo_Fernandez_AA3_ARKANOID_Recuperacion\Pablo_Fernandez_AA3_ARKANOID\source\Renderer.cpp(38,20): warning C4244: '=': conversión de 'float' a 'int'; posible pérdida de datos
C:\Users\Usuario\Desktop\Pablo_Fernandez_AA3_ARKANOID_Recuperacion\Pablo_Fernandez_AA3_ARKANOID\source\Renderer.cpp(39,20): warning C4244: '=': conversión de 'float' a 'int'; posible pérdida de datos
C:\Users\Usuario\Desktop\Pablo_Fernandez_AA3_ARKANOID_Recuperacion\Pablo_Fernandez_AA3_ARKANOID\source\Renderer.cpp(44,20): warning C4244: '=': conversión de 'float' a 'int'; posible pérdida de datos
C:\Users\Usuario\Desktop\Pablo_Fernandez_AA3_ARKANOID_Recuperacion\Pablo_Fernandez_AA3_ARKANOID\source\Renderer.cpp(45,20): warning C4244: '=': conversión de 'float' a 'int'; posible pérdida de datos
C:\Users\Usuario\Desktop\Pablo_Fernandez_AA3_ARKANOID_Recuperacion\Pablo_Fernandez_AA3_ARKANOID\source\Renderer.cpp(51,20): warning C4244: '=': conversión de 'float' a 'int'; posible pérdida de datos
C:\Users\Usuario\Desktop\Pablo_Fernandez_AA3_ARKANOID_Recuperacion\Pablo_Fernandez_AA3_ARKANOID\source\Renderer.cpp(52,20): warning C4244: '=': conversión de 'float' a 'int'; posible pérdida de datos
C:\Users\Usuario\Desktop\Pablo_Fernandez_AA3_ARKANOID_Recuperacion\Pablo_Fernandez_AA3_ARKANOID\source\Renderer.cpp(66,37): warning C4244: 'argumento': conversión de 'double' a 'Uint8'; posible pérdida de datos
  Scene.cpp
C:\Users\Usuario\Desktop\Pablo_Fernandez_AA3_ARKANOID_Recuperacion\Pablo_Fernandez_AA3_ARKANOID\source\Scene.cpp(19,24): warning C4244: 'argumento': conversión de 'double' a 'float'; posible pérdida de datos
  SceneManager.cpp
  Speed.cpp
  SplashScreen.cpp
C:\Users\Usuario\Desktop\Pablo_Fernandez_AA3_ARKANOID_Recuperacion\Pablo_Fernandez_AA3_ARKANOID\source\SplashScreen.cpp(26,27): warning C4244: 'argumento': conversión de 'double' a 'float'; posible pérdida de datos
  Text.cpp
  XML.cpp
  Generando código...
  HelloWorldSDL.vcxproj -> C:\Users\Usuario\Desktop\Pablo_Fernandez_AA3_ARKANOID_Recuperacion\Pablo_Fernandez_AA3_ARKANOID\binaries\Win32Debug\HelloWorldSDL.exe
  0 archivo(s) copiado(s)
  0 archivo(s) copiado(s)
  0 archivo(s) copiado(s)
  0 archivo(s) copiado(s)
  0 archivo(s) copiado(s)
